Build started 03-06-2019 21:08:53.
     1>Project "C:\Users\RamyaV\documents\visual studio 2013\Projects\variable_cd\variable_cd\variable_cd.vcxproj" on node 2 (Build target(s)).
     1>ClCompile:
         C:\Program Files (x86)\Microsoft Visual Studio 12.0\VC\bin\CL.exe /c /ZI /nologo /W3 /WX- /sdl /Od /Oy- /D WIN32 /D _DEBUG /D _CONSOLE /D _LIB /D _CRT_NO_SECURE_WARNINGS /D _UNICODE /D UNICODE /Gm /EHsc /RTC1 /MDd /GS /fp:precise /Zc:wchar_t /Zc:forScope /Yu"stdafx.h" /Fp"Debug\variable_cd.pch" /Fo"Debug\\" /Fd"Debug\vc120.pdb" /Gd /TP /analyze- /errorReport:prompt variable_cd.cpp
         variable_cd.cpp
     1>c:\users\ramyav\documents\visual studio 2013\projects\variable_cd\variable_cd\variable_cd.cpp(26): warning C4018: '<' : signed/unsigned mismatch
     1>c:\users\ramyav\documents\visual studio 2013\projects\variable_cd\variable_cd\variable_cd.cpp(32): warning C4018: '<=' : signed/unsigned mismatch
     1>c:\users\ramyav\documents\visual studio 2013\projects\variable_cd\variable_cd\variable_cd.cpp(63): warning C4018: '<' : signed/unsigned mismatch
     1>c:\users\ramyav\documents\visual studio 2013\projects\variable_cd\variable_cd\variable_cd.cpp(62): warning C4101: 'n' : unreferenced local variable
     1>c:\users\ramyav\documents\visual studio 2013\projects\variable_cd\variable_cd\variable_cd.cpp(115): warning C4018: '<' : signed/unsigned mismatch
     1>c:\users\ramyav\documents\visual studio 2013\projects\variable_cd\variable_cd\variable_cd.cpp(112): warning C4101: 't' : unreferenced local variable
     1>c:\users\ramyav\documents\visual studio 2013\projects\variable_cd\variable_cd\variable_cd.cpp(135): warning C4018: '<' : signed/unsigned mismatch
     1>c:\users\ramyav\documents\visual studio 2013\projects\variable_cd\variable_cd\variable_cd.cpp(171): warning C4101: 'temp' : unreferenced local variable
     1>c:\users\ramyav\documents\visual studio 2013\projects\variable_cd\variable_cd\variable_cd.cpp(402): warning C4101: 'k' : unreferenced local variable
     1>c:\users\ramyav\documents\visual studio 2013\projects\variable_cd\variable_cd\variable_cd.cpp(126): warning C4715: 'DetectCycle' : not all control paths return a value
       Link:
         C:\Program Files (x86)\Microsoft Visual Studio 12.0\VC\bin\link.exe /ERRORREPORT:PROMPT /OUT:"C:\Users\RamyaV\documents\visual studio 2013\Projects\variable_cd\Debug\variable_cd.exe" /INCREMENTAL /NOLOGO kernel32.lib user32.lib gdi32.lib winspool.lib comdlg32.lib advapi32.lib shell32.lib ole32.lib oleaut32.lib uuid.lib odbc32.lib odbccp32.lib /MANIFEST /MANIFESTUAC:"level='asInvoker' uiAccess='false'" /manifest:embed /DEBUG /PDB:"C:\Users\RamyaV\documents\visual studio 2013\Projects\variable_cd\Debug\variable_cd.pdb" /SUBSYSTEM:CONSOLE /TLBID:1 /DYNAMICBASE /NXCOMPAT /IMPLIB:"C:\Users\RamyaV\documents\visual studio 2013\Projects\variable_cd\Debug\variable_cd.lib" /MACHINE:X86 Debug\itop.obj
         Debug\stdafx.obj
         Debug\variable_cd.obj
         variable_cd.vcxproj -> C:\Users\RamyaV\documents\visual studio 2013\Projects\variable_cd\Debug\variable_cd.exe
     1>Done Building Project "C:\Users\RamyaV\documents\visual studio 2013\Projects\variable_cd\variable_cd\variable_cd.vcxproj" (Build target(s)).

Build succeeded.

Time Elapsed 00:00:00.86
